F:\ODT46_32\4.6.0\BIN\WIN32\RELEASE\QVEL.DLL
F:\ODT46_32\4.6.0\BIN\WIN32\RELEASE\QVEL.ILK
F:\odwork32\ODWork\bin\win32\RelWithDebInfo\QVel.exp
F:\odwork32\ODWork\bin\win32\RelWithDebInfo\QVel.lib
F:\ODWORK32\ODWORK\BIN\WIN32\RELWITHDEBINFO\QVEL.PDB
F:\ODWORK32\ODWORK\PLUGINS\QVEL\CMAKEFILES\GENERATE.STAMP
F:\odwork32\ODWork\plugins\QVel\QVel.dir\RelWithDebInfo\CL.3656.read.1.tlog
F:\odwork32\ODWork\plugins\QVel\QVel.dir\RelWithDebInfo\CL.3656.write.1.tlog
F:\odwork32\ODWork\plugins\QVel\QVel.dir\RelWithDebInfo\CL.3952.read.1.tlog
F:\odwork32\ODWork\plugins\QVel\QVel.dir\RelWithDebInfo\CL.3952.write.1.tlog
F:\odwork32\ODWork\plugins\QVel\QVel.dir\RelWithDebInfo\cl.command.1.tlog
F:\odwork32\ODWork\plugins\QVel\QVel.dir\RelWithDebInfo\CL.read.1.tlog
F:\odwork32\ODWork\plugins\QVel\QVel.dir\RelWithDebInfo\cl.write.1.tlog
F:\odwork32\ODWork\plugins\QVel\QVel.dir\RelWithDebInfo\custombuild.command.1.tlog
F:\odwork32\ODWork\plugins\QVel\QVel.dir\RelWithDebInfo\custombuild.read.1.tlog
F:\odwork32\ODWork\plugins\QVel\QVel.dir\RelWithDebInfo\custombuild.write.1.tlog
F:\odwork32\ODWork\plugins\QVel\QVel.dir\RelWithDebInfo\link.2240.read.1.tlog
F:\odwork32\ODWork\plugins\QVel\QVel.dir\RelWithDebInfo\link.2240.write.1.tlog
F:\odwork32\ODWork\plugins\QVel\QVel.dir\RelWithDebInfo\link.2240-cvtres.read.1.tlog
F:\odwork32\ODWork\plugins\QVel\QVel.dir\RelWithDebInfo\link.2240-cvtres.write.1.tlog
F:\odwork32\ODWork\plugins\QVel\QVel.dir\RelWithDebInfo\link.command.1.tlog
F:\odwork32\ODWork\plugins\QVel\QVel.dir\RelWithDebInfo\link.read.1.tlog
F:\odwork32\ODWork\plugins\QVel\QVel.dir\RelWithDebInfo\link.write.1.tlog
F:\odwork32\ODWork\plugins\QVel\QVel.dir\RelWithDebInfo\link-cvtres.read.1.tlog
F:\odwork32\ODWork\plugins\QVel\QVel.dir\RelWithDebInfo\link-cvtres.write.1.tlog
F:\odwork32\ODWork\plugins\QVel\QVel.dir\RelWithDebInfo\mt.command.1.tlog
F:\odwork32\ODWork\plugins\QVel\QVel.dir\RelWithDebInfo\mt.read.1.tlog
F:\odwork32\ODWork\plugins\QVel\QVel.dir\RelWithDebInfo\mt.write.1.tlog
F:\ODWORK32\ODWORK\PLUGINS\QVEL\QVEL.DIR\RELWITHDEBINFO\QVEL.DLL.EMBED.MANIFEST
F:\ODWORK32\ODWORK\PLUGINS\QVEL\QVEL.DIR\RELWITHDEBINFO\QVEL.DLL.EMBED.MANIFEST.RES
F:\ODWORK32\ODWORK\PLUGINS\QVEL\QVEL.DIR\RELWITHDEBINFO\QVEL.DLL.INTERMEDIATE.MANIFEST
F:\odwork32\ODWork\plugins\QVel\QVel.dir\RelWithDebInfo\QVel.write.1.tlog
F:\odwork32\ODWork\plugins\QVel\QVel.dir\RelWithDebInfo\QVel_manifest.rc
F:\odwork32\ODWork\plugins\QVel\QVel.dir\RelWithDebInfo\qvelpi.obj
F:\odwork32\ODWork\plugins\QVel\QVel.dir\RelWithDebInfo\qvelseistools.obj
F:\odwork32\ODWork\plugins\QVel\QVel.dir\RelWithDebInfo\qvelvolumebuilder.obj
F:\odwork32\ODWork\plugins\QVel\QVel.dir\RelWithDebInfo\rc.command.1.tlog
F:\odwork32\ODWork\plugins\QVel\QVel.dir\RelWithDebInfo\rc.read.1.tlog
F:\odwork32\ODWork\plugins\QVel\QVel.dir\RelWithDebInfo\rc.write.1.tlog
F:\odwork32\ODWork\plugins\QVel\QVel.dir\RelWithDebInfo\TpsGrid.obj
