F:\ODT46_32\4.6.0\BIN\WIN32\DEBUG\QVEL.DLL
F:\ODT46_32\4.6.0\BIN\WIN32\DEBUG\QVEL.ILK
F:\odwork32\ODWork\bin\win32\Debug\QVel.exp
F:\odwork32\ODWork\bin\win32\Debug\QVel.lib
F:\ODWORK32\ODWORK\BIN\WIN32\DEBUG\QVEL.PDB
F:\ODWORK32\ODWORK\PLUGINS\QVEL\CMAKEFILES\GENERATE.STAMP
F:\ODWORK32\ODWORK\PLUGINS\QVEL\QVEL.DIR\DEBUG\QVEL.DLL.EMBED.MANIFEST
F:\ODWORK32\ODWORK\PLUGINS\QVEL\QVEL.DIR\DEBUG\QVEL.DLL.EMBED.MANIFEST.RES
F:\ODWORK32\ODWORK\PLUGINS\QVEL\QVEL.DIR\DEBUG\QVEL.DLL.INTERMEDIATE.MANIFEST
F:\ODWork5\plugins\QVel\QVel.dir\Debug\CL.3780.read.1.tlog
F:\ODWork5\plugins\QVel\QVel.dir\Debug\CL.3780.write.1.tlog
F:\ODWork5\plugins\QVel\QVel.dir\Debug\CL.4512.read.1.tlog
F:\ODWork5\plugins\QVel\QVel.dir\Debug\CL.4512.write.1.tlog
F:\ODWork5\plugins\QVel\QVel.dir\Debug\cl.command.1.tlog
F:\ODWork5\plugins\QVel\QVel.dir\Debug\CL.read.1.tlog
F:\ODWork5\plugins\QVel\QVel.dir\Debug\cl.write.1.tlog
F:\ODWork5\plugins\QVel\QVel.dir\Debug\custombuild.command.1.tlog
F:\ODWork5\plugins\QVel\QVel.dir\Debug\custombuild.read.1.tlog
F:\ODWork5\plugins\QVel\QVel.dir\Debug\custombuild.write.1.tlog
F:\ODWork5\plugins\QVel\QVel.dir\Debug\link.4124.read.1.tlog
F:\ODWork5\plugins\QVel\QVel.dir\Debug\link.4124.write.1.tlog
F:\ODWork5\plugins\QVel\QVel.dir\Debug\link.4124-cvtres.read.1.tlog
F:\ODWork5\plugins\QVel\QVel.dir\Debug\link.4124-cvtres.write.1.tlog
F:\ODWork5\plugins\QVel\QVel.dir\Debug\link.command.1.tlog
F:\ODWork5\plugins\QVel\QVel.dir\Debug\link.read.1.tlog
F:\ODWork5\plugins\QVel\QVel.dir\Debug\link.write.1.tlog
F:\ODWork5\plugins\QVel\QVel.dir\Debug\link-cvtres.read.1.tlog
F:\ODWork5\plugins\QVel\QVel.dir\Debug\link-cvtres.write.1.tlog
F:\ODWork5\plugins\QVel\QVel.dir\Debug\mt.command.1.tlog
F:\ODWork5\plugins\QVel\QVel.dir\Debug\mt.read.1.tlog
F:\ODWork5\plugins\QVel\QVel.dir\Debug\mt.write.1.tlog
F:\ODWork5\plugins\QVel\QVel.dir\Debug\QVel.dll.embed.manifest
F:\ODWork5\plugins\QVel\QVel.dir\Debug\QVel.dll.embed.manifest.res
F:\ODWork5\plugins\QVel\QVel.dir\Debug\QVel.dll.intermediate.manifest
F:\ODWork5\plugins\QVel\QVel.dir\Debug\QVel.write.1.tlog
F:\ODWork5\plugins\QVel\QVel.dir\Debug\QVel_manifest.rc
F:\ODWork5\plugins\QVel\QVel.dir\Debug\qvelpi.obj
F:\ODWork5\plugins\QVel\QVel.dir\Debug\qvelseistools.obj
F:\ODWork5\plugins\QVel\QVel.dir\Debug\qvelvolumebuilder.obj
F:\ODWork5\plugins\QVel\QVel.dir\Debug\rc.command.1.tlog
F:\ODWork5\plugins\QVel\QVel.dir\Debug\rc.read.1.tlog
F:\ODWork5\plugins\QVel\QVel.dir\Debug\rc.write.1.tlog
F:\ODWork5\plugins\QVel\QVel.dir\Debug\TpsGrid.obj
