Build started 12/27/2014 11:51:07 AM.
     1>Project "F:\ODWork5\plugins\QVel\QVel.vcxproj" on node 2 (build target(s)).
     1>InitializeBuildStatus:
         Touching "QVel.dir\Debug\QVel.unsuccessfulbuild".
       CustomBuild:
         All outputs are up-to-date.
       ClCompile:
         c:\Program Files (x86)\Microsoft Visual Studio 10.0\VC\bin\CL.exe /c /IF:\boost_1_49_0\boost_1_49_0 /IF:/OPENDTECT_5/5.0.0_releasebuild/include/uiODMain /IF:/OPENDTECT_5/5.0.0/include/uiODMain /IF:/OPENDTECT_5/5.0.0_releasebuild/include/uiVis /IF:/OPENDTECT_5/5.0.0/include/uiVis /IF:/OPENDTECT_5/5.0.0_releasebuild/include/uiOSG /IF:/OPENDTECT_5/5.0.0/include/uiOSG /IF:/OPENDTECT_5/5.0.0_releasebuild/include/visSurvey /IF:/OPENDTECT_5/5.0.0/include/visSurvey /IF:/OPENDTECT_5/5.0.0_releasebuild/include/visBase /IF:/OPENDTECT_5/5.0.0/include/visBase /IF:/OPENDTECT_5/5.0.0_releasebuild/include/Geometry /IF:/OPENDTECT_5/5.0.0/include/Geometry /IF:/OPENDTECT_5/5.0.0_releasebuild/include/General /IF:/OPENDTECT_5/5.0.0/include/General /IF:/OPENDTECT_5/5.0.0_releasebuild/include/Algo /IF:/OPENDTECT_5/5.0.0/include/Algo /IF:/OPENDTECT_5/5.0.0_releasebuild/include/Basic /IF:/OPENDTECT_5/5.0.0/include/Basic /IF:/OPENDTECT_5/5.0.0_releasebuild/include/EarthModel /IF:/OPENDTECT_5/5.0.0/include/EarthModel /IF:/OPENDTECT_5/5.0.0_releasebuild/include/MPEEngine /IF:/OPENDTECT_5/5.0.0/include/MPEEngine /IF:/OPENDTECT_5/5.0.0_releasebuild/include/AttributeEngine /IF:/OPENDTECT_5/5.0.0/include/AttributeEngine /IF:/OPENDTECT_5/5.0.0_releasebuild/include/NLA /IF:/OPENDTECT_5/5.0.0/include/NLA /IF:/OPENDTECT_5/5.0.0_releasebuild/include/Seis /IF:/OPENDTECT_5/5.0.0/include/Seis /IF:/OPENDTECT_5/5.0.0_releasebuild/include/MMProc /IF:/OPENDTECT_5/5.0.0/include/MMProc /IF:/OPENDTECT_5/5.0.0_releasebuild/include/Network /IF:/OPENDTECT_5/5.0.0/include/Network /IF:/OPENDTECT_5/5.0.0_releasebuild/include/Well /IF:/OPENDTECT_5/5.0.0/include/Well /IF:/OPENDTECT_5/5.0.0_releasebuild/include/PreStackProcessing /IF:/OPENDTECT_5/5.0.0/include/PreStackProcessing /IF:/OPENDTECT_5/5.0.0_releasebuild/include/Velocity /IF:/OPENDTECT_5/5.0.0/include/Velocity /IF:/OPENDTECT_5/5.0.0_releasebuild/include/uiTools /IF:/OPENDTECT_5/5.0.0/include/uiTools /IF:/OPENDTECT_5/5.0.0_releasebuild/include/uiBase /IF:/OPENDTECT_5/5.0.0/include/uiBase /IF:/OPENDTECT_5/5.0.0_releasebuild/include/uiMPE /IF:/OPENDTECT_5/5.0.0/include/uiMPE /IF:/OPENDTECT_5/5.0.0_releasebuild/include/uiAttributes /IF:/OPENDTECT_5/5.0.0/include/uiAttributes /IF:/OPENDTECT_5/5.0.0_releasebuild/include/uiPreStackProcessing /IF:/OPENDTECT_5/5.0.0/include/uiPreStackProcessing /IF:/OPENDTECT_5/5.0.0_releasebuild/include/uiSeis /IF:/OPENDTECT_5/5.0.0/include/uiSeis /IF:/OPENDTECT_5/5.0.0_releasebuild/include/uiIo /IF:/OPENDTECT_5/5.0.0/include/uiIo /IF:/OPENDTECT_5/5.0.0_releasebuild/include/uiFlatView /IF:/OPENDTECT_5/5.0.0/include/uiFlatView /IF:/OPENDTECT_5/5.0.0_releasebuild/include/Attributes /IF:/OPENDTECT_5/5.0.0/include/Attributes /IF:/OPENDTECT_5/5.0.0_releasebuild/include/uiVolumeProcessing /IF:/OPENDTECT_5/5.0.0/include/uiVolumeProcessing /IF:/OPENDTECT_5/5.0.0_releasebuild/include/uiVelocity /IF:/OPENDTECT_5/5.0.0/include/uiVelocity /IF:/OPENDTECT_5/5.0.0_releasebuild/include/uiWell /IF:/OPENDTECT_5/5.0.0/include/uiWell /IF:/OPENDTECT_5/5.0.0_releasebuild/include/uiStrat /IF:/OPENDTECT_5/5.0.0/include/uiStrat /IF:/OPENDTECT_5/5.0.0_releasebuild/include/Strat /IF:/OPENDTECT_5/5.0.0/include/Strat /IF:/OPENDTECT_5/5.0.0_releasebuild/include/uiEarthModel /IF:/OPENDTECT_5/5.0.0/include/uiEarthModel /IF:/OPENDTECT_5/5.0.0_releasebuild/include/VolumeProcessing /IF:/OPENDTECT_5/5.0.0/include/VolumeProcessing /IF:/OPENDTECT_5/5.0.0_releasebuild/include/uiNLA /IF:/OPENDTECT_5/5.0.0/include/uiNLA /IF:/OPENDTECT_5/5.0.0_releasebuild/include/uiWellAttrib /IF:/OPENDTECT_5/5.0.0/include/uiWellAttrib /IF:/OPENDTECT_5/5.0.0_releasebuild/include/WellAttrib /IF:/OPENDTECT_5/5.0.0/include/WellAttrib /IF:/OPENDTECT_5/5.0.0_releasebuild/include/uiEMAttrib /IF:/OPENDTECT_5/5.0.0/include/uiEMAttrib /IF:/OPENDTECT_5/5.0.0_releasebuild/include/EMAttrib /IF:/OPENDTECT_5/5.0.0/include/EMAttrib /IF:/OPENDTECT_5/5.0.0_releasebuild/include/uiViewer2D /IF:/OPENDTECT_5/5.0.0/include/uiViewer2D /IF:/ODWork5/plugins/QVel /Z7 /nologo /W3 /WX- /Od /Ob0 /Oy- /D mUsedVar= /D mUnusedVar= /D WIN32 /D _WINDOWS /D __win__ /D _DEBUG /D __win32__=1 /D __cmake__ /D "CMAKE_INTDIR=\"Debug\"" /D QVel_EXPORTS /D _WINDLL /D _MBCS /Gm- /EHsc /MDd /GS /fp:precise /Zc:wchar_t- /Zc:forScope /GR /Fo"QVel.dir\Debug\\" /Fd"F:/ODWork5/bin/win32/Debug/QVel.pdb" /Gd /TP /wd4244 /wd4305 /wd4189 /wd4127 /wd4512 /wd4267 /wd4267 /wd4101 /wd4996 /wd4273 /wd4275 /wd4251 /wd4800 /wd4100 /wd4355 /wd4250 /wd4121 /wd4505 /wd4018 /wd4389 /analyze- /errorReport:prompt F:\ODWork5\plugins\QVel\qvelvolumebuilder.cc  /vmg /Zm1000 /GZ 
     1>cl : Command line warning D9035: option 'GZ' has been deprecated and will be removed in a future release
     1>cl : Command line warning D9036: use 'RTC1' instead of 'GZ'
         qvelvolumebuilder.cc
       ManifestResourceCompile:
         C:\Program Files (x86)\Microsoft SDKs\Windows\v7.0A\bin\rc.exe /nologo /fo"QVel.dir\Debug\QVel.dll.embed.manifest.res" QVel.dir\Debug\QVel_manifest.rc 
       Link:
         c:\Program Files (x86)\Microsoft Visual Studio 10.0\VC\bin\link.exe /ERRORREPORT:PROMPT /OUT:"F:\ODWork5\bin\win32\Debug\QVel.dll" /INCREMENTAL /NOLOGO /LIBPATH:F:/OPENDTECT_5/5.0.0/bin/win32 /LIBPATH:F:/OPENDTECT_5/5.0.0/bin/win32/Debug /LIBPATH:F:/OPENDTECT_5/5.0.0/bin/win32/Release /LIBPATH:F:/OPENDTECT_5/5.0.0/bin/win32/Release/Debug kernel32.lib user32.lib gdi32.lib winspool.lib comdlg32.lib advapi32.lib shell32.lib ole32.lib oleaut32.lib uuid.lib odbc32.lib odbccp32.lib ws2_32.lib shlwapi.lib uiODMain.lib uiODMain.lib uiVis.lib uiOSG.lib visSurvey.lib visBase.lib Geometry.lib General.lib Algo.lib Basic.lib EarthModel.lib MPEEngine.lib AttributeEngine.lib NLA.lib Seis.lib MMProc.lib Network.lib Well.lib PreStackProcessing.lib Velocity.lib uiTools.lib uiBase.lib uiMPE.lib uiAttributes.lib uiPreStackProcessing.lib uiSeis.lib uiIo.lib uiFlatView.lib Attributes.lib uiVolumeProcessing.lib uiVelocity.lib uiWell.lib uiStrat.lib Strat.lib uiEarthModel.lib VolumeProcessing.lib uiNLA.lib uiWellAttrib.lib WellAttrib.lib uiEMAttrib.lib EMAttrib.lib uiViewer2D.lib /MANIFEST /ManifestFile:"QVel.dir\Debug\QVel.dll.intermediate.manifest" /MANIFESTUAC:"level='asInvoker' uiAccess='false'" /PDB:"F:/ODWork5/bin/win32/Debug/QVel.pdb" /SUBSYSTEM:CONSOLE /STACK:"10000000" /LARGEADDRESSAWARE /TLBID:1 /DYNAMICBASE /NXCOMPAT /IMPLIB:"F:/ODWork5/bin/win32/Debug/QVel.lib" /MACHINE:X86 /DLL QVel.dir\Debug\QVel.dll.embed.manifest.res
         QVel.dir\Debug\TpsGrid.obj
         QVel.dir\Debug\qvelpi.obj
         QVel.dir\Debug\qvelseistools.obj
         QVel.dir\Debug\qvelvolumebuilder.obj  /machine:X86 
            Creating library F:/ODWork5/bin/win32/Debug/QVel.lib and object F:/ODWork5/bin/win32/Debug/QVel.exp
       Manifest:
         C:\Program Files (x86)\Microsoft SDKs\Windows\v7.0A\bin\mt.exe /nologo /verbose /out:"QVel.dir\Debug\QVel.dll.embed.manifest" /manifest QVel.dir\Debug\QVel.dll.intermediate.manifest
         C:\Program Files (x86)\Microsoft SDKs\Windows\v7.0A\bin\rc.exe /nologo /fo"QVel.dir\Debug\QVel.dll.embed.manifest.res" QVel.dir\Debug\QVel_manifest.rc 
       LinkEmbedManifest:
         c:\Program Files (x86)\Microsoft Visual Studio 10.0\VC\bin\link.exe /ERRORREPORT:PROMPT /OUT:"F:\ODWork5\bin\win32\Debug\QVel.dll" /INCREMENTAL /NOLOGO /LIBPATH:F:/OPENDTECT_5/5.0.0/bin/win32 /LIBPATH:F:/OPENDTECT_5/5.0.0/bin/win32/Debug /LIBPATH:F:/OPENDTECT_5/5.0.0/bin/win32/Release /LIBPATH:F:/OPENDTECT_5/5.0.0/bin/win32/Release/Debug kernel32.lib user32.lib gdi32.lib winspool.lib comdlg32.lib advapi32.lib shell32.lib ole32.lib oleaut32.lib uuid.lib odbc32.lib odbccp32.lib ws2_32.lib shlwapi.lib uiODMain.lib uiODMain.lib uiVis.lib uiOSG.lib visSurvey.lib visBase.lib Geometry.lib General.lib Algo.lib Basic.lib EarthModel.lib MPEEngine.lib AttributeEngine.lib NLA.lib Seis.lib MMProc.lib Network.lib Well.lib PreStackProcessing.lib Velocity.lib uiTools.lib uiBase.lib uiMPE.lib uiAttributes.lib uiPreStackProcessing.lib uiSeis.lib uiIo.lib uiFlatView.lib Attributes.lib uiVolumeProcessing.lib uiVelocity.lib uiWell.lib uiStrat.lib Strat.lib uiEarthModel.lib VolumeProcessing.lib uiNLA.lib uiWellAttrib.lib WellAttrib.lib uiEMAttrib.lib EMAttrib.lib uiViewer2D.lib /MANIFEST /ManifestFile:"QVel.dir\Debug\QVel.dll.intermediate.manifest" /MANIFESTUAC:"level='asInvoker' uiAccess='false'" /PDB:"F:/ODWork5/bin/win32/Debug/QVel.pdb" /SUBSYSTEM:CONSOLE /STACK:"10000000" /LARGEADDRESSAWARE /TLBID:1 /DYNAMICBASE /NXCOMPAT /IMPLIB:"F:/ODWork5/bin/win32/Debug/QVel.lib" /MACHINE:X86 /DLL QVel.dir\Debug\QVel.dll.embed.manifest.res
         QVel.dir\Debug\TpsGrid.obj
         QVel.dir\Debug\qvelpi.obj
         QVel.dir\Debug\qvelseistools.obj
         QVel.dir\Debug\qvelvolumebuilder.obj  /machine:X86 
            Creating library F:/ODWork5/bin/win32/Debug/QVel.lib and object F:/ODWork5/bin/win32/Debug/QVel.exp
         QVel.vcxproj -> F:\ODWork5\bin\win32\Debug\QVel.dll
       FinalizeBuildStatus:
         Deleting file "QVel.dir\Debug\QVel.unsuccessfulbuild".
         Touching "QVel.dir\Debug\QVel.lastbuildstate".
     1>Done Building Project "F:\ODWork5\plugins\QVel\QVel.vcxproj" (build target(s)).

Build succeeded.

Time Elapsed 00:00:06.64
