C:\ODWORK5\BIN\WIN32\RELEASE\QVEL.DLL
C:\ODWork5\bin\win32\Release\QVel.exp
C:\ODWork5\bin\win32\Release\QVel.lib
C:\ODWORK5\PLUGINS\QVEL\CMAKEFILES\GENERATE.STAMP
C:\ODWork5\plugins\QVel\QVel.dir\Release\cl.command.1.tlog
C:\ODWork5\plugins\QVel\QVel.dir\Release\CL.read.1.tlog
C:\ODWork5\plugins\QVel\QVel.dir\Release\CL.write.1.tlog
C:\ODWork5\plugins\QVel\QVel.dir\Release\custombuild.command.1.tlog
C:\ODWork5\plugins\QVel\QVel.dir\Release\custombuild.read.1.tlog
C:\ODWork5\plugins\QVel\QVel.dir\Release\custombuild.write.1.tlog
C:\ODWork5\plugins\QVel\QVel.dir\Release\link.command.1.tlog
C:\ODWork5\plugins\QVel\QVel.dir\Release\link.read.1.tlog
C:\ODWork5\plugins\QVel\QVel.dir\Release\link.write.1.tlog
C:\ODWork5\plugins\QVel\QVel.dir\Release\mt.command.1.tlog
C:\ODWork5\plugins\QVel\QVel.dir\Release\mt.read.1.tlog
C:\ODWork5\plugins\QVel\QVel.dir\Release\mt.write.1.tlog
C:\ODWORK5\PLUGINS\QVEL\QVEL.DIR\RELEASE\QVEL.DLL.INTERMEDIATE.MANIFEST
C:\ODWork5\plugins\QVel\QVel.dir\Release\QVel.write.1.tlog
C:\ODWORK5\PLUGINS\QVEL\QVEL.DIR\RELEASE\QVELPI.OBJ
C:\ODWORK5\PLUGINS\QVEL\QVEL.DIR\RELEASE\QVELSEISTOOLS.OBJ
C:\ODWORK5\PLUGINS\QVEL\QVEL.DIR\RELEASE\QVELVOLUMEBUILDER.OBJ
C:\ODWORK5\PLUGINS\QVEL\QVEL.DIR\RELEASE\TPSGRID.OBJ
C:\OPENDTECT_5\5.0.0\BIN\WIN32\RELEASE\QVEL.DLL
