F:\ODT46_32\4.6.0\BIN\WIN32\DEBUG\UIQVEL.DLL
F:\ODT46_32\4.6.0\BIN\WIN32\DEBUG\UIQVEL.ILK
F:\odwork32\ODWork\bin\win32\Debug\uiQVel.exp
F:\odwork32\ODWork\bin\win32\Debug\uiQVel.lib
F:\ODWORK32\ODWORK\BIN\WIN32\DEBUG\UIQVEL.PDB
F:\ODWORK32\ODWORK\PLUGINS\UIQVEL\CMAKEFILES\GENERATE.STAMP
F:\ODWORK32\ODWORK\PLUGINS\UIQVEL\UIQVEL.DIR\DEBUG\UIQVEL.DLL.EMBED.MANIFEST
F:\ODWORK32\ODWORK\PLUGINS\UIQVEL\UIQVEL.DIR\DEBUG\UIQVEL.DLL.EMBED.MANIFEST.RES
F:\ODWORK32\ODWORK\PLUGINS\UIQVEL\UIQVEL.DIR\DEBUG\UIQVEL.DLL.INTERMEDIATE.MANIFEST
F:\ODWORK32\ODWORK\PLUGINS\UIQVEL\UIQVEL.DIR\DEBUG\UIQVELPI.OBJ
F:\ODWORK32\ODWORK\PLUGINS\UIQVEL\UIQVEL.DIR\DEBUG\UIQVELSEISTOOLS.OBJ
F:\ODWORK32\ODWORK\PLUGINS\UIQVEL\UIQVEL.DIR\DEBUG\UIQVELWELLTOOLS.OBJ
F:\ODWork5\plugins\uiQVel\uiQVel.dir\Debug\CL.5800.read.1.tlog
F:\ODWork5\plugins\uiQVel\uiQVel.dir\Debug\CL.5800.write.1.tlog
F:\ODWork5\plugins\uiQVel\uiQVel.dir\Debug\CL.5980.read.1.tlog
F:\ODWork5\plugins\uiQVel\uiQVel.dir\Debug\CL.5980.write.1.tlog
F:\ODWork5\plugins\uiQVel\uiQVel.dir\Debug\cl.command.1.tlog
F:\ODWork5\plugins\uiQVel\uiQVel.dir\Debug\CL.read.1.tlog
F:\ODWork5\plugins\uiQVel\uiQVel.dir\Debug\CL.write.1.tlog
F:\ODWork5\plugins\uiQVel\uiQVel.dir\Debug\custombuild.command.1.tlog
F:\ODWork5\plugins\uiQVel\uiQVel.dir\Debug\custombuild.read.1.tlog
F:\ODWork5\plugins\uiQVel\uiQVel.dir\Debug\custombuild.write.1.tlog
F:\ODWork5\plugins\uiQVel\uiQVel.dir\Debug\link.3404.read.1.tlog
F:\ODWork5\plugins\uiQVel\uiQVel.dir\Debug\link.3404.write.1.tlog
F:\ODWork5\plugins\uiQVel\uiQVel.dir\Debug\link.3404-cvtres.read.1.tlog
F:\ODWork5\plugins\uiQVel\uiQVel.dir\Debug\link.3404-cvtres.write.1.tlog
F:\ODWork5\plugins\uiQVel\uiQVel.dir\Debug\link.4124.read.1.tlog
F:\ODWork5\plugins\uiQVel\uiQVel.dir\Debug\link.4124.write.1.tlog
F:\ODWork5\plugins\uiQVel\uiQVel.dir\Debug\link.4124-cvtres.read.1.tlog
F:\ODWork5\plugins\uiQVel\uiQVel.dir\Debug\link.4124-cvtres.write.1.tlog
F:\ODWork5\plugins\uiQVel\uiQVel.dir\Debug\link.4496.read.1.tlog
F:\ODWork5\plugins\uiQVel\uiQVel.dir\Debug\link.4496.write.1.tlog
F:\ODWork5\plugins\uiQVel\uiQVel.dir\Debug\link.4496-cvtres.read.1.tlog
F:\ODWork5\plugins\uiQVel\uiQVel.dir\Debug\link.4496-cvtres.write.1.tlog
F:\ODWork5\plugins\uiQVel\uiQVel.dir\Debug\link.command.1.tlog
F:\ODWork5\plugins\uiQVel\uiQVel.dir\Debug\link.read.1.tlog
F:\ODWork5\plugins\uiQVel\uiQVel.dir\Debug\link.write.1.tlog
F:\ODWork5\plugins\uiQVel\uiQVel.dir\Debug\link-cvtres.read.1.tlog
F:\ODWork5\plugins\uiQVel\uiQVel.dir\Debug\link-cvtres.write.1.tlog
F:\ODWork5\plugins\uiQVel\uiQVel.dir\Debug\mt.command.1.tlog
F:\ODWork5\plugins\uiQVel\uiQVel.dir\Debug\mt.read.1.tlog
F:\ODWork5\plugins\uiQVel\uiQVel.dir\Debug\mt.write.1.tlog
F:\ODWork5\plugins\uiQVel\uiQVel.dir\Debug\rc.command.1.tlog
F:\ODWork5\plugins\uiQVel\uiQVel.dir\Debug\rc.read.1.tlog
F:\ODWork5\plugins\uiQVel\uiQVel.dir\Debug\rc.write.1.tlog
F:\ODWork5\plugins\uiQVel\uiQVel.dir\Debug\uiQVel.dll.embed.manifest
F:\ODWork5\plugins\uiQVel\uiQVel.dir\Debug\uiQVel.dll.embed.manifest.res
F:\ODWork5\plugins\uiQVel\uiQVel.dir\Debug\uiQVel.dll.intermediate.manifest
F:\ODWork5\plugins\uiQVel\uiQVel.dir\Debug\uiQVel.vcxprojResolveAssemblyReference.cache
F:\ODWork5\plugins\uiQVel\uiQVel.dir\Debug\uiQVel.write.1.tlog
F:\ODWork5\plugins\uiQVel\uiQVel.dir\Debug\uiQVel_manifest.rc
F:\ODWork5\plugins\uiQVel\uiQVel.dir\Debug\uiqvelpi.obj
F:\ODWork5\plugins\uiQVel\uiQVel.dir\Debug\uiqvelseistools.obj
F:\ODWork5\plugins\uiQVel\uiQVel.dir\Debug\uiqvelwelltools.obj
