..\..\..\..\ODT46_32\4.6.0\bin\win32\Release\uiQVel.ilk
F:\ODWORK32\ODWORK\BIN\WIN32\RELWITHDEBINFO\UIQVEL.PDB
F:\odwork32\ODWork\plugins\uiQVel\..\..\..\..\ODT46_32\4.6.0\bin\win32\Release\uiQVel.dll
F:\ODWORK32\ODWORK\PLUGINS\UIQVEL\CMAKEFILES\GENERATE.STAMP
F:\odwork32\ODWork\plugins\uiQVel\uiQVel.dir\RelWithDebInfo\CL.2064.read.1.tlog
F:\odwork32\ODWork\plugins\uiQVel\uiQVel.dir\RelWithDebInfo\CL.2064.write.1.tlog
F:\odwork32\ODWork\plugins\uiQVel\uiQVel.dir\RelWithDebInfo\CL.4896.read.1.tlog
F:\odwork32\ODWork\plugins\uiQVel\uiQVel.dir\RelWithDebInfo\CL.4896.write.1.tlog
F:\odwork32\ODWork\plugins\uiQVel\uiQVel.dir\RelWithDebInfo\cl.command.1.tlog
F:\odwork32\ODWork\plugins\uiQVel\uiQVel.dir\RelWithDebInfo\CL.read.1.tlog
F:\odwork32\ODWork\plugins\uiQVel\uiQVel.dir\RelWithDebInfo\cl.write.1.tlog
F:\odwork32\ODWork\plugins\uiQVel\uiQVel.dir\RelWithDebInfo\custombuild.command.1.tlog
F:\odwork32\ODWork\plugins\uiQVel\uiQVel.dir\RelWithDebInfo\custombuild.read.1.tlog
F:\odwork32\ODWork\plugins\uiQVel\uiQVel.dir\RelWithDebInfo\custombuild.write.1.tlog
F:\odwork32\ODWork\plugins\uiQVel\uiQVel.dir\RelWithDebInfo\link.command.1.tlog
F:\odwork32\ODWork\plugins\uiQVel\uiQVel.dir\RelWithDebInfo\link.read.1.tlog
F:\odwork32\ODWork\plugins\uiQVel\uiQVel.dir\RelWithDebInfo\link.write.1.tlog
F:\odwork32\ODWork\plugins\uiQVel\uiQVel.dir\RelWithDebInfo\rc.command.1.tlog
F:\odwork32\ODWork\plugins\uiQVel\uiQVel.dir\RelWithDebInfo\rc.read.1.tlog
F:\odwork32\ODWork\plugins\uiQVel\uiQVel.dir\RelWithDebInfo\rc.write.1.tlog
F:\odwork32\ODWork\plugins\uiQVel\uiQVel.dir\RelWithDebInfo\uiQVel.dll.embed.manifest
F:\ODWORK32\ODWORK\PLUGINS\UIQVEL\UIQVEL.DIR\RELWITHDEBINFO\UIQVEL.DLL.EMBED.MANIFEST.RES
F:\odwork32\ODWork\plugins\uiQVel\uiQVel.dir\RelWithDebInfo\uiQVel.write.1.tlog
F:\odwork32\ODWork\plugins\uiQVel\uiQVel.dir\RelWithDebInfo\uiQVel_manifest.rc
F:\odwork32\ODWork\plugins\uiQVel\uiQVel.dir\RelWithDebInfo\uiqvelpi.obj
F:\odwork32\ODWork\plugins\uiQVel\uiQVel.dir\RelWithDebInfo\uiqvelseistools.obj
F:\odwork32\ODWork\plugins\uiQVel\uiQVel.dir\RelWithDebInfo\uiqvelWellmarkerdlg.obj
F:\odwork32\ODWork\plugins\uiQVel\uiQVel.dir\RelWithDebInfo\uiqvelwelltools.obj
