Build started 4/24/2014 12:53:33 PM.
     1>Project "F:\odwork32\ODWork\plugins\uiQVel\uiQVel.vcxproj" on node 2 (rebuild target(s)).
     1>_PrepareForClean:
         Deleting file "uiQVel.dir\RelWithDebInfo\uiQVel.lastbuildstate".
     1>C:\Program Files (x86)\MSBuild\Microsoft.Cpp\v4.0\Microsoft.CppBuild.targets(299,5): warning MSB8004: Output Directory does not end with a trailing slash.  This build instance will add the slash as it is required to allow proper evaluation of the Output Directory.
       InitializeBuildStatus:
         Touching "uiQVel.dir\RelWithDebInfo\uiQVel.unsuccessfulbuild".
       CustomBuild:
         Building Custom Rule F:/odwork32/ODWork/plugins/uiQVel/CMakeLists.txt
         CMake does not need to re-run because F:\odwork32\ODWork\plugins\uiQVel\CMakeFiles\generate.stamp is up-to-date.
       ClCompile:
         C:\Program Files (x86)\Microsoft Visual Studio 10.0\VC\bin\CL.exe /c /IF:/ODT46_32/4.6.0/include/uiODMain /IF:/ODT46_32/4.6.0/include/uiVis /IF:/ODT46_32/4.6.0/include/uiCoin /IF:/ODT46_32/4.6.0/include/visSurvey /IF:/ODT46_32/4.6.0/include/visBase /IF:/ODT46_32/4.6.0/include/SoOD /IF:/ODT46_32/4.6.0/include/Geometry /IF:/ODT46_32/4.6.0/include/General /IF:/ODT46_32/4.6.0/include/Algo /IF:/ODT46_32/4.6.0/include/Basic /IF:/ODT46_32/4.6.0/include/EarthModel /IF:/ODT46_32/4.6.0/include/MPEEngine /IF:/ODT46_32/4.6.0/include/AttributeEngine /IF:/ODT46_32/4.6.0/include/NLA /IF:/ODT46_32/4.6.0/include/Seis /IF:/ODT46_32/4.6.0/include/MMProc /IF:/ODT46_32/4.6.0/include/Network /IF:/ODT46_32/4.6.0/include/Well /IF:/ODT46_32/4.6.0/include/PreStackProcessing /IF:/ODT46_32/4.6.0/include/Velocity /IF:/ODT46_32/4.6.0/include/uiTools /IF:/ODT46_32/4.6.0/include/uiBase /IF:/ODT46_32/4.6.0/include/uiMPE /IF:/ODT46_32/4.6.0/include/uiAttributes /IF:/ODT46_32/4.6.0/include/uiPreStackProcessing /IF:/ODT46_32/4.6.0/include/uiSeis /IF:/ODT46_32/4.6.0/include/uiIo /IF:/ODT46_32/4.6.0/include/uiFlatView /IF:/ODT46_32/4.6.0/include/Usage /IF:/ODT46_32/4.6.0/include/uiVolumeProcessing /IF:/ODT46_32/4.6.0/include/uiVelocity /IF:/ODT46_32/4.6.0/include/VolumeProcessing /IF:/ODT46_32/4.6.0/include/Attributes /IF:/ODT46_32/4.6.0/include/uiNLA /IF:/ODT46_32/4.6.0/include/uiWellAttrib /IF:/ODT46_32/4.6.0/include/uiWell /IF:/ODT46_32/4.6.0/include/uiStrat /IF:/ODT46_32/4.6.0/include/Strat /IF:/ODT46_32/4.6.0/include/WellAttrib /IF:/ODT46_32/4.6.0/include/uiEMAttrib /IF:/ODT46_32/4.6.0/include/uiEarthModel /IF:/ODT46_32/4.6.0/include/EMAttrib /IF:/ODT46_32/4.6.0/include/uiViewer2D /IF:/odwork32/ODWork/plugins/QVel /IF:/odwork32/ODWork/plugins/uiQVel /Zi /nologo /W3 /WX- /MP /O2 /Ob1 /Oy- /D mUsedVar= /D mUnusedVar= /D WIN32 /D _WINDOWS /D __win__ /D NDEBUG /D __hassymbols__ /D __win32__=1 /D __cmake__ /D "CMAKE_INTDIR=\"RelWithDebInfo\"" /D uiQVel_EXPORTS /D _WINDLL /D _MBCS /Gm- /EHsc /MD /GS /fp:precise /Zc:wchar_t- /Zc:forScope /GR /Fo"uiQVel.dir\RelWithDebInfo\\" /Fd"F:/odwork32/ODWork/bin/win32/RelWithDebInfo/uiQVel.pdb" /Gd /TP /wd4244 /wd4305 /wd4189 /wd4127 /wd4512 /wd4267 /wd4267 /wd4101 /wd4996 /wd4273 /wd4275 /wd4251 /wd4800 /wd4100 /wd4355 /wd4250 /wd4121 /wd4505 /wd4018 /wd4389 /analyze- /errorReport:prompt F:\odwork32\ODWork\plugins\uiQVel\uiqvelpi.cc F:\odwork32\ODWork\plugins\uiQVel\uiqvelseistools.cc F:\odwork32\ODWork\plugins\uiQVel\uiqvelwelltools.cc F:\odwork32\ODWork\plugins\uiQVel\uiqvelWellmarkerdlg.cc  /vmg /Zm1000 
         uiqvelpi.cc
         uiqvelseistools.cc
         uiqvelwelltools.cc
         uiqvelWellmarkerdlg.cc
       ManifestResourceCompile:
         C:\Program Files (x86)\Microsoft SDKs\Windows\v7.0A\bin\rc.exe /nologo /fo"uiQVel.dir\RelWithDebInfo\uiQVel.dll.embed.manifest.res" uiQVel.dir\RelWithDebInfo\uiQVel_manifest.rc 
       Link:
         C:\Program Files (x86)\Microsoft Visual Studio 10.0\VC\bin\link.exe /ERRORREPORT:PROMPT /OUT:"..\..\..\..\ODT46_32\4.6.0\bin\win32\Release\uiQVel.dll" /INCREMENTAL /NOLOGO /LIBPATH:F:/ODT46_32/4.6.0/bin/win32 /LIBPATH:F:/ODT46_32/4.6.0/bin/win32/RelWithDebInfo /LIBPATH:F:/ODT46_32/4.6.0/bin/win32/Release /LIBPATH:F:/ODT46_32/4.6.0/bin/win32/Release/RelWithDebInfo kernel32.lib user32.lib gdi32.lib winspool.lib shell32.lib ole32.lib oleaut32.lib uuid.lib comdlg32.lib advapi32.lib ws2_32.lib shlwapi.lib uiODMain.lib ..\..\bin\win32\RelWithDebInfo\QVel.lib uiODMain.lib uiVis.lib uiCoin.lib visSurvey.lib visBase.lib SoOD.lib Geometry.lib General.lib Algo.lib Basic.lib EarthModel.lib MPEEngine.lib AttributeEngine.lib NLA.lib Seis.lib MMProc.lib Network.lib Well.lib PreStackProcessing.lib Velocity.lib uiTools.lib uiBase.lib uiMPE.lib uiAttributes.lib uiPreStackProcessing.lib uiSeis.lib uiIo.lib uiFlatView.lib Usage.lib uiVolumeProcessing.lib uiVelocity.lib VolumeProcessing.lib Attributes.lib uiNLA.lib uiWellAttrib.lib uiWell.lib uiStrat.lib Strat.lib WellAttrib.lib uiEMAttrib.lib uiEarthModel.lib EMAttrib.lib uiViewer2D.lib ..\..\bin\win32\RelWithDebInfo\QVel.lib ws2_32.lib shlwapi.lib uiODMain.lib uiVis.lib uiCoin.lib visSurvey.lib visBase.lib SoOD.lib Geometry.lib General.lib Algo.lib Basic.lib EarthModel.lib MPEEngine.lib AttributeEngine.lib NLA.lib Seis.lib MMProc.lib Network.lib Well.lib PreStackProcessing.lib Velocity.lib uiTools.lib uiBase.lib uiMPE.lib uiAttributes.lib uiPreStackProcessing.lib uiSeis.lib uiIo.lib uiFlatView.lib Usage.lib uiVolumeProcessing.lib uiVelocity.lib VolumeProcessing.lib Attributes.lib uiNLA.lib uiWellAttrib.lib uiWell.lib uiStrat.lib Strat.lib WellAttrib.lib uiEMAttrib.lib uiEarthModel.lib EMAttrib.lib uiViewer2D.lib /MANIFEST /ManifestFile:"uiQVel.dir\RelWithDebInfo\uiQVel.dll.intermediate.manifest" /MANIFESTUAC:"level='asInvoker' uiAccess='false'" /DEBUG /PDB:"F:/odwork32/ODWork/bin/win32/RelWithDebInfo/uiQVel.pdb" /SUBSYSTEM:CONSOLE /STACK:"10000000" /LARGEADDRESSAWARE /TLBID:1 /DYNAMICBASE /NXCOMPAT /IMPLIB:"F:/odwork32/ODWork/bin/win32/RelWithDebInfo/uiQVel.lib" /MACHINE:X86 /DLL uiQVel.dir\RelWithDebInfo\uiQVel.dll.embed.manifest.res
         uiQVel.dir\RelWithDebInfo\uiqvelpi.obj
         uiQVel.dir\RelWithDebInfo\uiqvelseistools.obj
         uiQVel.dir\RelWithDebInfo\uiqvelwelltools.obj
         uiQVel.dir\RelWithDebInfo\uiqvelWellmarkerdlg.obj  /machine:X86 /debug /debug 
            Creating library F:/odwork32/ODWork/bin/win32/RelWithDebInfo/uiQVel.lib and object F:/odwork32/ODWork/bin/win32/RelWithDebInfo/uiQVel.exp
       Manifest:
         Deleting file "uiQVel.dir\RelWithDebInfo\uiQVel.dll.embed.manifest".
         C:\Program Files (x86)\Microsoft SDKs\Windows\v7.0A\bin\mt.exe /nologo /verbose /out:"uiQVel.dir\RelWithDebInfo\uiQVel.dll.embed.manifest" /manifest uiQVel.dir\RelWithDebInfo\uiQVel.dll.intermediate.manifest
         C:\Program Files (x86)\Microsoft SDKs\Windows\v7.0A\bin\rc.exe /nologo /fo"uiQVel.dir\RelWithDebInfo\uiQVel.dll.embed.manifest.res" uiQVel.dir\RelWithDebInfo\uiQVel_manifest.rc 
       LinkEmbedManifest:
         C:\Program Files (x86)\Microsoft Visual Studio 10.0\VC\bin\link.exe /ERRORREPORT:PROMPT /OUT:"..\..\..\..\ODT46_32\4.6.0\bin\win32\Release\uiQVel.dll" /INCREMENTAL /NOLOGO /LIBPATH:F:/ODT46_32/4.6.0/bin/win32 /LIBPATH:F:/ODT46_32/4.6.0/bin/win32/RelWithDebInfo /LIBPATH:F:/ODT46_32/4.6.0/bin/win32/Release /LIBPATH:F:/ODT46_32/4.6.0/bin/win32/Release/RelWithDebInfo kernel32.lib user32.lib gdi32.lib winspool.lib shell32.lib ole32.lib oleaut32.lib uuid.lib comdlg32.lib advapi32.lib ws2_32.lib shlwapi.lib uiODMain.lib ..\..\bin\win32\RelWithDebInfo\QVel.lib uiODMain.lib uiVis.lib uiCoin.lib visSurvey.lib visBase.lib SoOD.lib Geometry.lib General.lib Algo.lib Basic.lib EarthModel.lib MPEEngine.lib AttributeEngine.lib NLA.lib Seis.lib MMProc.lib Network.lib Well.lib PreStackProcessing.lib Velocity.lib uiTools.lib uiBase.lib uiMPE.lib uiAttributes.lib uiPreStackProcessing.lib uiSeis.lib uiIo.lib uiFlatView.lib Usage.lib uiVolumeProcessing.lib uiVelocity.lib VolumeProcessing.lib Attributes.lib uiNLA.lib uiWellAttrib.lib uiWell.lib uiStrat.lib Strat.lib WellAttrib.lib uiEMAttrib.lib uiEarthModel.lib EMAttrib.lib uiViewer2D.lib ..\..\bin\win32\RelWithDebInfo\QVel.lib ws2_32.lib shlwapi.lib uiODMain.lib uiVis.lib uiCoin.lib visSurvey.lib visBase.lib SoOD.lib Geometry.lib General.lib Algo.lib Basic.lib EarthModel.lib MPEEngine.lib AttributeEngine.lib NLA.lib Seis.lib MMProc.lib Network.lib Well.lib PreStackProcessing.lib Velocity.lib uiTools.lib uiBase.lib uiMPE.lib uiAttributes.lib uiPreStackProcessing.lib uiSeis.lib uiIo.lib uiFlatView.lib Usage.lib uiVolumeProcessing.lib uiVelocity.lib VolumeProcessing.lib Attributes.lib uiNLA.lib uiWellAttrib.lib uiWell.lib uiStrat.lib Strat.lib WellAttrib.lib uiEMAttrib.lib uiEarthModel.lib EMAttrib.lib uiViewer2D.lib /MANIFEST /ManifestFile:"uiQVel.dir\RelWithDebInfo\uiQVel.dll.intermediate.manifest" /MANIFESTUAC:"level='asInvoker' uiAccess='false'" /DEBUG /PDB:"F:/odwork32/ODWork/bin/win32/RelWithDebInfo/uiQVel.pdb" /SUBSYSTEM:CONSOLE /STACK:"10000000" /LARGEADDRESSAWARE /TLBID:1 /DYNAMICBASE /NXCOMPAT /IMPLIB:"F:/odwork32/ODWork/bin/win32/RelWithDebInfo/uiQVel.lib" /MACHINE:X86 /DLL uiQVel.dir\RelWithDebInfo\uiQVel.dll.embed.manifest.res
         uiQVel.dir\RelWithDebInfo\uiqvelpi.obj
         uiQVel.dir\RelWithDebInfo\uiqvelseistools.obj
         uiQVel.dir\RelWithDebInfo\uiqvelwelltools.obj
         uiQVel.dir\RelWithDebInfo\uiqvelWellmarkerdlg.obj  /machine:X86 /debug /debug 
            Creating library F:/odwork32/ODWork/bin/win32/RelWithDebInfo/uiQVel.lib and object F:/odwork32/ODWork/bin/win32/RelWithDebInfo/uiQVel.exp
         uiQVel.vcxproj -> F:\odwork32\ODWork\plugins\uiQVel\..\..\..\..\ODT46_32\4.6.0\bin\win32\Release\uiQVel.dll
       FinalizeBuildStatus:
         Deleting file "uiQVel.dir\RelWithDebInfo\uiQVel.unsuccessfulbuild".
         Touching "uiQVel.dir\RelWithDebInfo\uiQVel.lastbuildstate".
     1>Done Building Project "F:\odwork32\ODWork\plugins\uiQVel\uiQVel.vcxproj" (rebuild target(s)).

Build succeeded.

Time Elapsed 00:00:13.62
