C:\ODWork5\plugins\uiQVel\uiQVel.dir\Release\cl.command.1.tlog
C:\ODWork5\plugins\uiQVel\uiQVel.dir\Release\CL.read.1.tlog
C:\ODWork5\plugins\uiQVel\uiQVel.dir\Release\CL.write.1.tlog
C:\ODWork5\plugins\uiQVel\uiQVel.dir\Release\custombuild.command.1.tlog
C:\ODWork5\plugins\uiQVel\uiQVel.dir\Release\custombuild.read.1.tlog
C:\ODWork5\plugins\uiQVel\uiQVel.dir\Release\custombuild.write.1.tlog
C:\ODWork5\plugins\uiQVel\uiQVel.dir\Release\link.command.1.tlog
C:\ODWork5\plugins\uiQVel\uiQVel.dir\Release\link.read.1.tlog
C:\ODWork5\plugins\uiQVel\uiQVel.dir\Release\link.write.1.tlog
C:\ODWork5\plugins\uiQVel\uiQVel.dir\Release\mt.command.1.tlog
C:\ODWork5\plugins\uiQVel\uiQVel.dir\Release\mt.read.1.tlog
C:\ODWork5\plugins\uiQVel\uiQVel.dir\Release\mt.write.1.tlog
C:\ODWork5\plugins\uiQVel\uiQVel.dir\Release\uiQVel.dll.intermediate.manifest
C:\ODWork5\plugins\uiQVel\uiQVel.dir\Release\uiQVel.vcxprojResolveAssemblyReference.cache
C:\ODWork5\plugins\uiQVel\uiQVel.dir\Release\uiQVel.write.1.tlog
C:\ODWork5\plugins\uiQVel\uiQVel.dir\Release\uiqvelpi.obj
C:\ODWork5\plugins\uiQVel\uiQVel.dir\Release\uiqvelseistools.obj
C:\ODWork5\plugins\uiQVel\uiQVel.dir\Release\uiqvelWellmarkerdlg.obj
C:\ODWork5\plugins\uiQVel\uiQVel.dir\Release\uiqvelwelltools.obj
F:\ODWork5\bin\win32\Release\uiQVel.exp
F:\ODWork5\bin\win32\Release\uiQVel.lib
F:\ODWORK5\PLUGINS\UIQVEL\CMAKEFILES\GENERATE.STAMP
F:\ODWORK5\PLUGINS\UIQVEL\UIQVEL.DIR\RELEASE\UIQVEL.DLL.INTERMEDIATE.MANIFEST
F:\ODWORK5\PLUGINS\UIQVEL\UIQVEL.DIR\RELEASE\UIQVELPI.OBJ
F:\ODWORK5\PLUGINS\UIQVEL\UIQVEL.DIR\RELEASE\UIQVELSEISTOOLS.OBJ
F:\ODWORK5\PLUGINS\UIQVEL\UIQVEL.DIR\RELEASE\UIQVELWELLMARKERDLG.OBJ
F:\ODWORK5\PLUGINS\UIQVEL\UIQVEL.DIR\RELEASE\UIQVELWELLTOOLS.OBJ
F:\OPENDTECT_5\5.0.0\BIN\WIN32\RELEASE\UIQVEL.DLL
